{"name": "test_gmail_inboxName_title[firefox]", "status": "broken", "statusDetails": {"message": "selenium.common.exceptions.TimeoutException: Message: \nStacktrace:\nRemoteError@chrome://remote/content/shared/RemoteError.sys.mjs:8:8\nWebDriverError@chrome://remote/content/shared/webdriver/Errors.sys.mjs:183:5\nNoSuchElementError@chrome://remote/content/shared/webdriver/Errors.sys.mjs:395:5\nelement.find/</<@chrome://remote/content/marionette/element.sys.mjs:134:16", "trace": "self = <src.PageObjectModel.Tests.ComposeEmail_test.Test_ComposeEmail object at 0x000001CB72145550>\n\n    def test_gmail_inboxName_title(self):\n    \n        self.loginPage = LoginPage(self.driver)\n        composeEmailPage = self.loginPage.login_Gmail(TestData.USER_NAME, TestData.PASSWORD)\n        time.sleep(5)\n>       inboxValue = composeEmailPage.get_Inbox_Title_Value(TestData.COMPOSE_EMAIL_PAGE_INBOX_TITLE_VALUE)\n\nsrc\\PageObjectModel\\Tests\\ComposeEmail_test.py:27: \n_ _ _ _ _ _ _ _ _ _ _ _ _ _ _ _ _ _ _ _ _ _ _ _ _ _ _ _ _ _ _ _ _ _ _ _ _ _ _ _\nsrc\\PageObjectModel\\Pages\\ComposeEmailPage.py:22: in get_Inbox_Title_Value\n    if self.get_element_text(self.TITLE_INBOX):\nsrc\\PageObjectModel\\Pages\\CommonPage.py:16: in get_element_text\n    element = WebDriverWait(self.driver, 10).until(EC.visibility_of_element_located(by_locator))\n_ _ _ _ _ _ _ _ _ _ _ _ _ _ _ _ _ _ _ _ _ _ _ _ _ _ _ _ _ _ _ _ _ _ _ _ _ _ _ _\n\nself = <selenium.webdriver.support.wait.WebDriverWait (session=\"b4c06fd1-c58e-4990-8a10-650c32e84fa0\")>\nmethod = <function visibility_of_element_located.<locals>._predicate at 0x000001CB72152200>\nmessage = ''\n\n    def until(self, method, message: str = \"\"):\n        \"\"\"Calls the method provided with the driver as an argument until the \\\n        return value does not evaluate to ``False``.\n    \n        :param method: callable(WebDriver)\n        :param message: optional message for :exc:`TimeoutException`\n        :returns: the result of the last call to `method`\n        :raises: :exc:`selenium.common.exceptions.TimeoutException` if timeout occurs\n        \"\"\"\n        screen = None\n        stacktrace = None\n    \n        end_time = time.monotonic() + self._timeout\n        while True:\n            try:\n                value = method(self._driver)\n                if value:\n                    return value\n            except self._ignored_exceptions as exc:\n                screen = getattr(exc, \"screen\", None)\n                stacktrace = getattr(exc, \"stacktrace\", None)\n            time.sleep(self._poll)\n            if time.monotonic() > end_time:\n                break\n>       raise TimeoutException(message, screen, stacktrace)\nE       selenium.common.exceptions.TimeoutException: Message: \nE       Stacktrace:\nE       RemoteError@chrome://remote/content/shared/RemoteError.sys.mjs:8:8\nE       WebDriverError@chrome://remote/content/shared/webdriver/Errors.sys.mjs:183:5\nE       NoSuchElementError@chrome://remote/content/shared/webdriver/Errors.sys.mjs:395:5\nE       element.find/</<@chrome://remote/content/marionette/element.sys.mjs:134:16\n\nvenv\\Lib\\site-packages\\selenium\\webdriver\\support\\wait.py:95: TimeoutException"}, "parameters": [{"name": "initialization_driver", "value": "'firefox'"}], "start": 1686318266510, "stop": 1686318325574, "uuid": "7077f3e5-e4c9-4e84-ba06-f4f5af961900", "historyId": "5b860e410c678afb01488e7a8c7dcbcd", "testCaseId": "d812135363eec751df4583a8b32667bc", "fullName": "src.PageObjectModel.Tests.ComposeEmail_test.Test_ComposeEmail#test_gmail_inboxName_title", "labels": [{"name": "tag", "value": "@pytest.mark.usefixtures('initialization_driver')"}, {"name": "parentSuite", "value": "src.PageObjectModel.Tests"}, {"name": "suite", "value": "ComposeEmail_test"}, {"name": "subSuite", "value": "Test_ComposeEmail"}, {"name": "host", "value": "aLi"}, {"name": "thread", "value": "9632-MainThread"}, {"name": "framework", "value": "pytest"}, {"name": "language", "value": "cpython3"}, {"name": "package", "value": "src.PageObjectModel.Tests.ComposeEmail_test"}]}