{"name": "test_gmail_logo[firefox]", "status": "broken", "statusDetails": {"message": "selenium.common.exceptions.TimeoutException: Message: \nStacktrace:\nRemoteError@chrome://remote/content/shared/RemoteError.sys.mjs:8:8\nWebDriverError@chrome://remote/content/shared/webdriver/Errors.sys.mjs:183:5\nNoSuchElementError@chrome://remote/content/shared/webdriver/Errors.sys.mjs:395:5\nelement.find/</<@chrome://remote/content/marionette/element.sys.mjs:134:16", "trace": "self = <src.PageObjectModel.Tests.ComposeEmail_test.Test_ComposeEmail object at 0x000001A6FB6299D0>\n\n    def test_gmail_logo(self):\n        self.loginPage = LoginPage(self.driver)\n        composeEmailPage = self.loginPage.login_Gmail(TestData.USER_NAME, TestData.PASSWORD)\n>       assert composeEmailPage.verify_LogoGmail_Icon_Exist()\n\nsrc\\PageObjectModel\\Tests\\ComposeEmail_test.py:32: \n_ _ _ _ _ _ _ _ _ _ _ _ _ _ _ _ _ _ _ _ _ _ _ _ _ _ _ _ _ _ _ _ _ _ _ _ _ _ _ _\nsrc\\PageObjectModel\\Pages\\ComposeEmailPage.py:19: in verify_LogoGmail_Icon_Exist\n    return self.isElement_visible(self.LOGO_GMAIL)\nsrc\\PageObjectModel\\Pages\\CommonPage.py:20: in isElement_visible\n    element = WebDriverWait(self.driver, 20).until(EC.visibility_of_element_located(by_locator))\n_ _ _ _ _ _ _ _ _ _ _ _ _ _ _ _ _ _ _ _ _ _ _ _ _ _ _ _ _ _ _ _ _ _ _ _ _ _ _ _\n\nself = <selenium.webdriver.support.wait.WebDriverWait (session=\"6e398d40-25b7-4daf-b4ee-6f7fd305dfa6\")>\nmethod = <function visibility_of_element_located.<locals>._predicate at 0x000001A6FB6553A0>\nmessage = ''\n\n    def until(self, method, message: str = \"\"):\n        \"\"\"Calls the method provided with the driver as an argument until the \\\n        return value does not evaluate to ``False``.\n    \n        :param method: callable(WebDriver)\n        :param message: optional message for :exc:`TimeoutException`\n        :returns: the result of the last call to `method`\n        :raises: :exc:`selenium.common.exceptions.TimeoutException` if timeout occurs\n        \"\"\"\n        screen = None\n        stacktrace = None\n    \n        end_time = time.monotonic() + self._timeout\n        while True:\n            try:\n                value = method(self._driver)\n                if value:\n                    return value\n            except self._ignored_exceptions as exc:\n                screen = getattr(exc, \"screen\", None)\n                stacktrace = getattr(exc, \"stacktrace\", None)\n            time.sleep(self._poll)\n            if time.monotonic() > end_time:\n                break\n>       raise TimeoutException(message, screen, stacktrace)\nE       selenium.common.exceptions.TimeoutException: Message: \nE       Stacktrace:\nE       RemoteError@chrome://remote/content/shared/RemoteError.sys.mjs:8:8\nE       WebDriverError@chrome://remote/content/shared/webdriver/Errors.sys.mjs:183:5\nE       NoSuchElementError@chrome://remote/content/shared/webdriver/Errors.sys.mjs:395:5\nE       element.find/</<@chrome://remote/content/marionette/element.sys.mjs:134:16\n\nvenv\\Lib\\site-packages\\selenium\\webdriver\\support\\wait.py:95: TimeoutException"}, "parameters": [{"name": "initialization_driver", "value": "'firefox'"}], "start": 1686310857357, "stop": 1686310903284, "uuid": "ab3eb7bb-2ffe-4a8a-955a-bc41ed3e60cb", "historyId": "e938ed66bbfa350af3381d3171db813d", "testCaseId": "aeb576fb028486ee51ebd07ff8419afb", "fullName": "src.PageObjectModel.Tests.ComposeEmail_test.Test_ComposeEmail#test_gmail_logo", "labels": [{"name": "tag", "value": "@pytest.mark.usefixtures('initialization_driver')"}, {"name": "parentSuite", "value": "src.PageObjectModel.Tests"}, {"name": "suite", "value": "ComposeEmail_test"}, {"name": "subSuite", "value": "Test_ComposeEmail"}, {"name": "host", "value": "aLi"}, {"name": "thread", "value": "27108-MainThread"}, {"name": "framework", "value": "pytest"}, {"name": "language", "value": "cpython3"}, {"name": "package", "value": "src.PageObjectModel.Tests.ComposeEmail_test"}]}