{"name": "test_gmail_logo[chrome]", "status": "broken", "statusDetails": {"message": "selenium.common.exceptions.WebDriverException: Message: unknown error: cannot determine loading status\nfrom no such window\n  (Session info: chrome=114.0.5735.110)\nStacktrace:\nBacktrace:\n\tGetHandleVerifier [0x009DA813+48355]\n\t(No symbol) [0x0096C4B1]\n\t(No symbol) [0x00875220]\n\t(No symbol) [0x008688E2]\n\t(No symbol) [0x00867138]\n\t(No symbol) [0x008677AA]\n\t(No symbol) [0x008708A9]\n\t(No symbol) [0x0087C668]\n\t(No symbol) [0x0087F566]\n\t(No symbol) [0x00867BC3]\n\t(No symbol) [0x0087C37A]\n\t(No symbol) [0x008CC87D]\n\t(No symbol) [0x008BA536]\n\t(No symbol) [0x008982DC]\n\t(No symbol) [0x008993DD]\n\tGetHandleVerifier [0x00C3AABD+2539405]\n\tGetHandleVerifier [0x00C7A78F+2800735]\n\tGetHandleVerifier [0x00C7456C+2775612]\n\tGetHandleVerifier [0x00A651E0+616112]\n\t(No symbol) [0x00975F8C]\n\t(No symbol) [0x00972328]\n\t(No symbol) [0x0097240B]\n\t(No symbol) [0x00964FF7]\n\tBaseThreadInitThunk [0x767C7D59+25]\n\tRtlInitializeExceptionChain [0x77A6B74B+107]\n\tRtlClearBits [0x77A6B6CF+191]", "trace": "self = <src.PageObjectModel.Tests.ComposeEmail_test.Test_ComposeEmail object at 0x00000243A2BCFD50>\n\n    def test_gmail_logo(self):\n>       self.loginPage = LoginPage(self.driver)\n\n..\\pythonProject\\src\\PageObjectModel\\Tests\\ComposeEmail_test.py:32: \n_ _ _ _ _ _ _ _ _ _ _ _ _ _ _ _ _ _ _ _ _ _ _ _ _ _ _ _ _ _ _ _ _ _ _ _ _ _ _ _\nsrc\\PageObjectModel\\Pages\\LoginPage.py:18: in __init__\n    driver.maximize_window()\n..\\pythonProject\\venv\\Lib\\site-packages\\selenium\\webdriver\\remote\\webdriver.py:498: in maximize_window\n    self.execute(command, None)\n..\\pythonProject\\venv\\Lib\\site-packages\\selenium\\webdriver\\remote\\webdriver.py:346: in execute\n    self.error_handler.check_response(response)\n_ _ _ _ _ _ _ _ _ _ _ _ _ _ _ _ _ _ _ _ _ _ _ _ _ _ _ _ _ _ _ _ _ _ _ _ _ _ _ _\n\nself = <selenium.webdriver.remote.errorhandler.ErrorHandler object at 0x00000243A1D44310>\nresponse = {'status': 500, 'value': '{\"value\":{\"error\":\"unknown error\",\"message\":\"unknown error: cannot determine loading status\\...dInitThunk [0x767C7D59+25]\\\\n\\\\tRtlInitializeExceptionChain [0x77A6B74B+107]\\\\n\\\\tRtlClearBits [0x77A6B6CF+191]\\\\n\"}}'}\n\n    def check_response(self, response: Dict[str, Any]) -> None:\n        \"\"\"Checks that a JSON response from the WebDriver does not have an\n        error.\n    \n        :Args:\n         - response - The JSON response from the WebDriver server as a dictionary\n           object.\n    \n        :Raises: If the response contains an error message.\n        \"\"\"\n        status = response.get(\"status\", None)\n        if not status or status == ErrorCode.SUCCESS:\n            return\n        value = None\n        message = response.get(\"message\", \"\")\n        screen: str = response.get(\"screen\", \"\")\n        stacktrace = None\n        if isinstance(status, int):\n            value_json = response.get(\"value\", None)\n            if value_json and isinstance(value_json, str):\n                import json\n    \n                try:\n                    value = json.loads(value_json)\n                    if len(value) == 1:\n                        value = value[\"value\"]\n                    status = value.get(\"error\", None)\n                    if not status:\n                        status = value.get(\"status\", ErrorCode.UNKNOWN_ERROR)\n                        message = value.get(\"value\") or value.get(\"message\")\n                        if not isinstance(message, str):\n                            value = message\n                            message = message.get(\"message\")\n                    else:\n                        message = value.get(\"message\", None)\n                except ValueError:\n                    pass\n    \n        exception_class: Type[WebDriverException]\n        if status in ErrorCode.NO_SUCH_ELEMENT:\n            exception_class = NoSuchElementException\n        elif status in ErrorCode.NO_SUCH_FRAME:\n            exception_class = NoSuchFrameException\n        elif status in ErrorCode.NO_SUCH_SHADOW_ROOT:\n            exception_class = NoSuchShadowRootException\n        elif status in ErrorCode.NO_SUCH_WINDOW:\n            exception_class = NoSuchWindowException\n        elif status in ErrorCode.STALE_ELEMENT_REFERENCE:\n            exception_class = StaleElementReferenceException\n        elif status in ErrorCode.ELEMENT_NOT_VISIBLE:\n            exception_class = ElementNotVisibleException\n        elif status in ErrorCode.INVALID_ELEMENT_STATE:\n            exception_class = InvalidElementStateException\n        elif (\n            status in ErrorCode.INVALID_SELECTOR\n            or status in ErrorCode.INVALID_XPATH_SELECTOR\n            or status in ErrorCode.INVALID_XPATH_SELECTOR_RETURN_TYPER\n        ):\n            exception_class = InvalidSelectorException\n        elif status in ErrorCode.ELEMENT_IS_NOT_SELECTABLE:\n            exception_class = ElementNotSelectableException\n        elif status in ErrorCode.ELEMENT_NOT_INTERACTABLE:\n            exception_class = ElementNotInteractableException\n        elif status in ErrorCode.INVALID_COOKIE_DOMAIN:\n            exception_class = InvalidCookieDomainException\n        elif status in ErrorCode.UNABLE_TO_SET_COOKIE:\n            exception_class = UnableToSetCookieException\n        elif status in ErrorCode.TIMEOUT:\n            exception_class = TimeoutException\n        elif status in ErrorCode.SCRIPT_TIMEOUT:\n            exception_class = TimeoutException\n        elif status in ErrorCode.UNKNOWN_ERROR:\n            exception_class = WebDriverException\n        elif status in ErrorCode.UNEXPECTED_ALERT_OPEN:\n            exception_class = UnexpectedAlertPresentException\n        elif status in ErrorCode.NO_ALERT_OPEN:\n            exception_class = NoAlertPresentException\n        elif status in ErrorCode.IME_NOT_AVAILABLE:\n            exception_class = ImeNotAvailableException\n        elif status in ErrorCode.IME_ENGINE_ACTIVATION_FAILED:\n            exception_class = ImeActivationFailedException\n        elif status in ErrorCode.MOVE_TARGET_OUT_OF_BOUNDS:\n            exception_class = MoveTargetOutOfBoundsException\n        elif status in ErrorCode.JAVASCRIPT_ERROR:\n            exception_class = JavascriptException\n        elif status in ErrorCode.SESSION_NOT_CREATED:\n            exception_class = SessionNotCreatedException\n        elif status in ErrorCode.INVALID_ARGUMENT:\n            exception_class = InvalidArgumentException\n        elif status in ErrorCode.NO_SUCH_COOKIE:\n            exception_class = NoSuchCookieException\n        elif status in ErrorCode.UNABLE_TO_CAPTURE_SCREEN:\n            exception_class = ScreenshotException\n        elif status in ErrorCode.ELEMENT_CLICK_INTERCEPTED:\n            exception_class = ElementClickInterceptedException\n        elif status in ErrorCode.INSECURE_CERTIFICATE:\n            exception_class = InsecureCertificateException\n        elif status in ErrorCode.INVALID_COORDINATES:\n            exception_class = InvalidCoordinatesException\n        elif status in ErrorCode.INVALID_SESSION_ID:\n            exception_class = InvalidSessionIdException\n        elif status in ErrorCode.UNKNOWN_METHOD:\n            exception_class = UnknownMethodException\n        else:\n            exception_class = WebDriverException\n        if not value:\n            value = response[\"value\"]\n        if isinstance(value, str):\n            raise exception_class(value)\n        if message == \"\" and \"message\" in value:\n            message = value[\"message\"]\n    \n        screen = None  # type: ignore[assignment]\n        if \"screen\" in value:\n            screen = value[\"screen\"]\n    \n        stacktrace = None\n        st_value = value.get(\"stackTrace\") or value.get(\"stacktrace\")\n        if st_value:\n            if isinstance(st_value, str):\n                stacktrace = st_value.split(\"\\n\")\n            else:\n                stacktrace = []\n                try:\n                    for frame in st_value:\n                        line = frame.get(\"lineNumber\", \"\")\n                        file = frame.get(\"fileName\", \"<anonymous>\")\n                        if line:\n                            file = f\"{file}:{line}\"\n                        meth = frame.get(\"methodName\", \"<anonymous>\")\n                        if \"className\" in frame:\n                            meth = f\"{frame['className']}.{meth}\"\n                        msg = \"    at %s (%s)\"\n                        msg = msg % (meth, file)\n                        stacktrace.append(msg)\n                except TypeError:\n                    pass\n        if exception_class == UnexpectedAlertPresentException:\n            alert_text = None\n            if \"data\" in value:\n                alert_text = value[\"data\"].get(\"text\")\n            elif \"alert\" in value:\n                alert_text = value[\"alert\"].get(\"text\")\n            raise exception_class(message, screen, stacktrace, alert_text)  # type: ignore[call-arg]  # mypy is not smart enough here\n>       raise exception_class(message, screen, stacktrace)\nE       selenium.common.exceptions.WebDriverException: Message: unknown error: cannot determine loading status\nE       from no such window\nE         (Session info: chrome=114.0.5735.110)\nE       Stacktrace:\nE       Backtrace:\nE       \tGetHandleVerifier [0x009DA813+48355]\nE       \t(No symbol) [0x0096C4B1]\nE       \t(No symbol) [0x00875220]\nE       \t(No symbol) [0x008688E2]\nE       \t(No symbol) [0x00867138]\nE       \t(No symbol) [0x008677AA]\nE       \t(No symbol) [0x008708A9]\nE       \t(No symbol) [0x0087C668]\nE       \t(No symbol) [0x0087F566]\nE       \t(No symbol) [0x00867BC3]\nE       \t(No symbol) [0x0087C37A]\nE       \t(No symbol) [0x008CC87D]\nE       \t(No symbol) [0x008BA536]\nE       \t(No symbol) [0x008982DC]\nE       \t(No symbol) [0x008993DD]\nE       \tGetHandleVerifier [0x00C3AABD+2539405]\nE       \tGetHandleVerifier [0x00C7A78F+2800735]\nE       \tGetHandleVerifier [0x00C7456C+2775612]\nE       \tGetHandleVerifier [0x00A651E0+616112]\nE       \t(No symbol) [0x00975F8C]\nE       \t(No symbol) [0x00972328]\nE       \t(No symbol) [0x0097240B]\nE       \t(No symbol) [0x00964FF7]\nE       \tBaseThreadInitThunk [0x767C7D59+25]\nE       \tRtlInitializeExceptionChain [0x77A6B74B+107]\nE       \tRtlClearBits [0x77A6B6CF+191]\n\n..\\pythonProject\\venv\\Lib\\site-packages\\selenium\\webdriver\\remote\\errorhandler.py:245: WebDriverException"}, "parameters": [{"name": "initialization_driver", "value": "'chrome'"}], "start": 1686666916848, "stop": 1686666917021, "uuid": "71e59474-5a5e-49fe-a80e-bf82c3fcd7de", "historyId": "db272c8051d1741067f1e9949fc29b3b", "testCaseId": "aeb576fb028486ee51ebd07ff8419afb", "fullName": "src.PageObjectModel.Tests.ComposeEmail_test.Test_ComposeEmail#test_gmail_logo", "labels": [{"name": "tag", "value": "@pytest.mark.usefixtures('initialization_driver')"}, {"name": "parentSuite", "value": "src.PageObjectModel.Tests"}, {"name": "suite", "value": "ComposeEmail_test"}, {"name": "subSuite", "value": "Test_ComposeEmail"}, {"name": "host", "value": "aLi"}, {"name": "thread", "value": "21044-MainThread"}, {"name": "framework", "value": "pytest"}, {"name": "language", "value": "cpython3"}, {"name": "package", "value": "src.PageObjectModel.Tests.ComposeEmail_test"}]}