{"name": "test_Gmail_Login[chrome]", "status": "broken", "statusDetails": {"message": "selenium.common.exceptions.TimeoutException: Message:", "trace": "self = <src.PageObjectModel.Tests.LoginPage_test.Test_Login object at 0x0000022A0A399150>\n\n    def test_Gmail_Login(self):\n        self.loginPage = LoginPage(self.driver)\n>       self.loginPage.login_Gmail(TestData.USER_NAME, TestData.PASSWORD)\n\nsrc\\PageObjectModel\\Tests\\LoginPage_test.py:12: \n_ _ _ _ _ _ _ _ _ _ _ _ _ _ _ _ _ _ _ _ _ _ _ _ _ _ _ _ _ _ _ _ _ _ _ _ _ _ _ _\nsrc\\PageObjectModel\\Pages\\LoginPage.py:26: in login_Gmail\n    self.sendKeys_input(self.PASSWORD, password)\nsrc\\PageObjectModel\\Pages\\CommonPage.py:13: in sendKeys_input\n    WebDriverWait(self.driver, 10).until(EC.visibility_of_element_located(by_locator)).send_keys(text)\n_ _ _ _ _ _ _ _ _ _ _ _ _ _ _ _ _ _ _ _ _ _ _ _ _ _ _ _ _ _ _ _ _ _ _ _ _ _ _ _\n\nself = <selenium.webdriver.support.wait.WebDriverWait (session=\"4c2bc97561d56b6ec1ae516fa8a0376b\")>\nmethod = <function visibility_of_element_located.<locals>._predicate at 0x0000022A0A44E7A0>\nmessage = ''\n\n    def until(self, method, message: str = \"\"):\n        \"\"\"Calls the method provided with the driver as an argument until the \\\n        return value does not evaluate to ``False``.\n    \n        :param method: callable(WebDriver)\n        :param message: optional message for :exc:`TimeoutException`\n        :returns: the result of the last call to `method`\n        :raises: :exc:`selenium.common.exceptions.TimeoutException` if timeout occurs\n        \"\"\"\n        screen = None\n        stacktrace = None\n    \n        end_time = time.monotonic() + self._timeout\n        while True:\n            try:\n                value = method(self._driver)\n                if value:\n                    return value\n            except self._ignored_exceptions as exc:\n                screen = getattr(exc, \"screen\", None)\n                stacktrace = getattr(exc, \"stacktrace\", None)\n            time.sleep(self._poll)\n            if time.monotonic() > end_time:\n                break\n>       raise TimeoutException(message, screen, stacktrace)\nE       selenium.common.exceptions.TimeoutException: Message:\n\nvenv\\Lib\\site-packages\\selenium\\webdriver\\support\\wait.py:95: TimeoutException"}, "parameters": [{"name": "initialization_driver", "value": "'chrome'"}], "start": 1686173051467, "stop": 1686173070304, "uuid": "0d4b9edb-5494-439e-808b-b1bf8784a67e", "historyId": "1c3912af6a1fe201f3e27a0a274c4e9c", "testCaseId": "ba002e2ca6dd1527fe743bfa0356f1fb", "fullName": "src.PageObjectModel.Tests.LoginPage_test.Test_Login#test_Gmail_Login", "labels": [{"name": "tag", "value": "@pytest.mark.usefixtures('initialization_driver')"}, {"name": "parentSuite", "value": "src.PageObjectModel.Tests"}, {"name": "suite", "value": "LoginPage_test"}, {"name": "subSuite", "value": "Test_Login"}, {"name": "host", "value": "aLi"}, {"name": "thread", "value": "23224-MainThread"}, {"name": "framework", "value": "pytest"}, {"name": "language", "value": "cpython3"}, {"name": "package", "value": "src.PageObjectModel.Tests.LoginPage_test"}]}